
═══════════════════════════════════════════════════
  ?? RALPH (BADGER) - Content Empire Monitor
  2026-03-23 07:05
═══════════════════════════════════════════════════

  ??  STALE ISSUES (29 items, no update in 3+ days):
    #36 - ЁЯУЛ Session Summary: March 19-20, 2026 тАФ Content Empire Launch (3d stale)
    #35 - ЁЯЗоЁЯЗ▒ Hebrew tech blog posts тАФ interview tips series (3d stale)
    #34 - ЁЯЗоЁЯЗ▒ Hebrew Interview Prep: Written articles and guides (3d stale)
    #33 - ЁЯЗоЁЯЗ▒ Hebrew article versions (3d stale)
    #32 - Deploy site to independent hosting (Netlify/Vercel) (3d stale)
    #31 - ЁЯМР Social media accounts тАФ Content Empire (3d stale)
    #30 - ЁЯФС Configure production secrets and API keys (3d stale)
    #29 - тЪЩя╕П Substack newsletter automation (3d stale)
    #28 - тЪЩя╕П Automated Medium cross-posting via API (3d stale)
    #27 - ЁЯТ░ Skillshare course listing (3d stale)
    #26 - ЁЯТ░ Udemy course listing (3d stale)
    #25 - ЁЯТ░ Buy Me a Coffee / Ko-fi setup (3d stale)
    #24 - ЁЯУг Reddit marketing тАФ r/programming, r/learnprogramming (3d stale)
    #23 - ЁЯУг Twitter/X marketing threads (3d stale)
    #22 - ЁЯТ░ Gumroad course enhancement (3d stale)
    #21 - ЁЯУг Hashnode blog setup (3d stale)
    #20 - ЁЯУг Medium cross-posting тАФ 5 articles (3d stale)
    #19 - Article: The Developer's Guide to Technical Writing (3d stale)
    #18 - Launch Newsletter: Content Empire Weekly (3d stale)
    #17 - Article: Docker Compose Is All You Need (Probably) (3d stale)
    #16 - Setup: Create Dev.to organization for Content Empire (3d stale)
    #15 - Setup: Create Medium publication for Content Empire (3d stale)
    #14 - Course: Write Module 4 тАФ Building Your First AI Agent (3d stale)
    #13 - Course: Write Module 3 тАФ AI-Powered Code Review and Testing (3d stale)
    #12 - Article: Building a SaaS MVP in a Weekend with AI (3d stale)
    #11 - Article: Rust vs Go in 2026 тАФ A Practical Comparison (3d stale)
    #10 - Article: The Complete Guide to GitHub Actions in 2026 (3d stale)
    #9 - Use Dribbble for designs + create company social accounts (NOT Tamir's) (4d stale)
    #8 - Existing Recordings: Upload Data-Driven Architecture talks immediately (6d stale)

  ?? WEEKLY CADENCE:
    Completed this week: 0 items
    Target: 2 videos + 3 articles + 1 newsletter = 6 items
    ??  Behind by 6 items! Yo, we gotta cook more, man!

═══════════════════════════════════════════════════
